<?xml version="1.0" encoding="UTF-8"?>
<testsuite name="runner.TestRunner" tests="2" skipped="0" failures="0" errors="0" timestamp="2021-02-24T20:54:08" hostname="LAPTOP-EE9G4VBR" time="3.738">
  <properties/>
  <testcase name="testSinglePerson()" classname="runner.TestRunner" time="3.731"/>
  <testcase name="testSampleFile()" classname="runner.TestRunner" time="0.007"/>
  <system-out><![CDATA[****************************************************************************************************

Prospect 1: Yong Gerlach wants to borrow 3128.0€ for a period of 13.0 years and pay 22.944393636336372€ each month
****************************************************************************************************

****************************************************************************************************

Prospect 2: Fredricka Borer wants to borrow 4779.0€ for a period of 23.0 years and pay 23.94241573568132€ each month
****************************************************************************************************

****************************************************************************************************

Prospect 3: Graig Adams wants to borrow 6259.0€ for a period of 23.0 years and pay 41.452539743132995€ each month
****************************************************************************************************

****************************************************************************************************

Prospect 4: Marcelene Bergnaum wants to borrow 5164.0€ for a period of 1.0 years and pay 440.1153038375709€ each month
****************************************************************************************************

****************************************************************************************************

Prospect 5: Elvin Barton wants to borrow 9646.0€ for a period of 3.0 years and pay 293.97476872232653€ each month
****************************************************************************************************

****************************************************************************************************

Prospect 6: Kevin Nicolas wants to borrow 3943.0€ for a period of 23.0 years and pay 18.682088338228116€ each month
****************************************************************************************************

****************************************************************************************************

Prospect 7: Linwood Anderson wants to borrow 1192.0€ for a period of 17.0 years and pay 7.826868043386984€ each month
****************************************************************************************************

****************************************************************************************************

Prospect 8: Blaine Larkin wants to borrow 5548.0€ for a period of 21.0 years and pay 27.19184819198298€ each month
****************************************************************************************************

****************************************************************************************************

Prospect 9: Giuseppe Carroll wants to borrow 7396.0€ for a period of 26.0 years and pay 39.07921298992365€ each month
****************************************************************************************************

****************************************************************************************************

Prospect 10: Charmaine Schmeler wants to borrow 7501.0€ for a period of 2.0 years and pay 327.10091224521784€ each month
****************************************************************************************************

****************************************************************************************************

Prospect 11: Wilfredo Turcotte wants to borrow 3989.0€ for a period of 17.0 years and pay 25.634500245147763€ each month
****************************************************************************************************

****************************************************************************************************

Prospect 12: Jonah Heller wants to borrow 9057.0€ for a period of 19.0 years and pay 48.46621786129264€ each month
****************************************************************************************************

****************************************************************************************************

Prospect 13: Kasha Cummings wants to borrow 9195.0€ for a period of 3.0 years and pay 289.24203099904656€ each month
****************************************************************************************************

****************************************************************************************************

Prospect 14: Wayne Olson wants to borrow 5689.0€ for a period of 10.0 years and pay 65.58594344427658€ each month
****************************************************************************************************

****************************************************************************************************

Prospect 15: Dwain Weimann wants to borrow 7039.0€ for a period of 17.0 years and pay 57.894027130097854€ each month
****************************************************************************************************

****************************************************************************************************

Prospect 16: Mike Kuhn wants to borrow 8537.0€ for a period of 27.0 years and pay 52.050399289486045€ each month
****************************************************************************************************

****************************************************************************************************

Prospect 17: Kasha Mohr wants to borrow 7339.0€ for a period of 27.0 years and pay 51.294840651901644€ each month
****************************************************************************************************

****************************************************************************************************

Prospect 18: Wilmer Emard wants to borrow 8209.0€ for a period of 2.0 years and pay 363.12549857459027€ each month
****************************************************************************************************

****************************************************************************************************

Prospect 19: Maira Bauch wants to borrow 7611.0€ for a period of 9.0 years and pay 86.01513288253588€ each month
****************************************************************************************************

****************************************************************************************************

Prospect 20: Ruthie Heller wants to borrow 4428.0€ for a period of 20.0 years and pay 37.037566255030704€ each month
****************************************************************************************************

****************************************************************************************************

Prospect 21: Kurtis Ferry wants to borrow 9537.0€ for a period of 26.0 years and pay 41.60113730302832€ each month
****************************************************************************************************

****************************************************************************************************

Prospect 22: Marcellus Grant wants to borrow 2823.0€ for a period of 27.0 years and pay 10.100693539657877€ each month
****************************************************************************************************

****************************************************************************************************

Prospect 23: Cherri Gleichner wants to borrow 7789.0€ for a period of 13.0 years and pay 85.54715630892545€ each month
****************************************************************************************************

****************************************************************************************************

Prospect 24: Lavinia Pollich wants to borrow 5878.0€ for a period of 11.0 years and pay 71.74172324171985€ each month
****************************************************************************************************

****************************************************************************************************

Prospect 25: Babette Kovacek wants to borrow 2120.0€ for a period of 19.0 years and pay 10.828326143310065€ each month
****************************************************************************************************

****************************************************************************************************

Prospect 26: Eldora Metz wants to borrow 9388.0€ for a period of 1.0 years and pay 819.9499944447244€ each month
****************************************************************************************************

****************************************************************************************************

Prospect 27: Sherman Kirlin wants to borrow 4279.0€ for a period of 15.0 years and pay 39.66685888451687€ each month
****************************************************************************************************

****************************************************************************************************

Prospect 28: Nolan Johns wants to borrow 3132.0€ for a period of 7.0 years and pay 39.4922992879045€ each month
****************************************************************************************************

****************************************************************************************************

Prospect 29: Shannon Daugherty wants to borrow 2322.0€ for a period of 3.0 years and pay 68.55469318588955€ each month
****************************************************************************************************

****************************************************************************************************

Prospect 30: Allison Gleichner wants to borrow 8774.0€ for a period of 15.0 years and pay 90.14368560049907€ each month
****************************************************************************************************

****************************************************************************************************

Prospect 31: Allegra Prohaska wants to borrow 1431.0€ for a period of 5.0 years and pay 25.815068922632943€ each month
****************************************************************************************************

****************************************************************************************************

Prospect 32: Frances Walter wants to borrow 8340.0€ for a period of 13.0 years and pay 71.1297052555958€ each month
****************************************************************************************************

****************************************************************************************************

Prospect 33: Catherina Witting wants to borrow 8069.0€ for a period of 23.0 years and pay 36.38086316083586€ each month
****************************************************************************************************

****************************************************************************************************

Prospect 34: Tyson Ledner wants to borrow 7107.0€ for a period of 14.0 years and pay 69.32789167631924€ each month
****************************************************************************************************

****************************************************************************************************

Prospect 35: Minh Ferry wants to borrow 4055.0€ for a period of 3.0 years and pay 127.81855165858364€ each month
****************************************************************************************************

****************************************************************************************************

Prospect 36: Hosea Gerhold wants to borrow 9872.0€ for a period of 9.0 years and pay 110.44117176962021€ each month
****************************************************************************************************

****************************************************************************************************

Prospect 37: Harry Kshlerin wants to borrow 5840.0€ for a period of 7.0 years and pay 95.2695064534773€ each month
****************************************************************************************************

****************************************************************************************************

Prospect 38: Kenton Schaden wants to borrow 8998.0€ for a period of 10.0 years and pay 112.33377565970449€ each month
****************************************************************************************************

****************************************************************************************************

Prospect 39: Alexis Maggio wants to borrow 1871.0€ for a period of 12.0 years and pay 14.975235761079421€ each month
****************************************************************************************************

****************************************************************************************************

Prospect 40: Hildegard Jakubowski wants to borrow 8584.0€ for a period of 6.0 years and pay 122.88430754729363€ each month
****************************************************************************************************

****************************************************************************************************

Prospect 41: Domingo Barton wants to borrow 1569.0€ for a period of 16.0 years and pay 10.63745665723165€ each month
****************************************************************************************************

****************************************************************************************************

Prospect 42: Lillia Cole wants to borrow 8119.0€ for a period of 15.0 years and pay 76.05060256417013€ each month
****************************************************************************************************

****************************************************************************************************

Prospect 43: Courtney Doyle wants to borrow 4877.0€ for a period of 2.0 years and pay 209.83516254497846€ each month
****************************************************************************************************

****************************************************************************************************

Prospect 44: Tatiana Bogisich wants to borrow 4441.0€ for a period of 24.0 years and pay 35.87296447776028€ each month
****************************************************************************************************

****************************************************************************************************

Prospect 45: Lyla Dietrich wants to borrow 8490.0€ for a period of 14.0 years and pay 89.05479416622694€ each month
****************************************************************************************************

****************************************************************************************************

Prospect 46: Han Witting wants to borrow 9475.0€ for a period of 13.0 years and pay 70.89584085973532€ each month
****************************************************************************************************

****************************************************************************************************

Prospect 47: Buster Cartwright wants to borrow 4152.0€ for a period of 7.0 years and pay 65.00394297017036€ each month
****************************************************************************************************

****************************************************************************************************

Prospect 48: Letty Mayer wants to borrow 6190.0€ for a period of 12.0 years and pay 69.9916684516624€ each month
****************************************************************************************************

****************************************************************************************************

Prospect 49: Lenny Hoeger wants to borrow 4529.0€ for a period of 11.0 years and pay 37.64280044872995€ each month
****************************************************************************************************

****************************************************************************************************

Prospect 50: Trent Monahan wants to borrow 8586.0€ for a period of 17.0 years and pay 67.71459118542484€ each month
****************************************************************************************************

****************************************************************************************************

Prospect 51: Domingo Herman wants to borrow 1623.0€ for a period of 18.0 years and pay 9.106371139727372€ each month
****************************************************************************************************

****************************************************************************************************

Prospect 52: Steven Jaskolski wants to borrow 8861.0€ for a period of 12.0 years and pay 105.74237410485729€ each month
****************************************************************************************************

****************************************************************************************************

Prospect 53: Tyisha Leannon wants to borrow 4260.0€ for a period of 20.0 years and pay 30.79091694306042€ each month
****************************************************************************************************

****************************************************************************************************

Prospect 54: Kami Champlin wants to borrow 3718.0€ for a period of 22.0 years and pay 17.741983316188048€ each month
****************************************************************************************************

****************************************************************************************************

Prospect 55: Annice Considine wants to borrow 7127.0€ for a period of 16.0 years and pay 40.530666775183846€ each month
****************************************************************************************************

****************************************************************************************************

Prospect 56: Meg Abbott wants to borrow 3003.0€ for a period of 2.0 years and pay 130.52536917816866€ each month
****************************************************************************************************

****************************************************************************************************

Prospect 57: Estell Lubowitz wants to borrow 9713.0€ for a period of 8.0 years and pay 121.76706172049192€ each month
****************************************************************************************************

****************************************************************************************************

Prospect 58: Voncile Glover wants to borrow 6701.0€ for a period of 8.0 years and pay 81.36897964527769€ each month
****************************************************************************************************

****************************************************************************************************

Prospect 59: Krystyna Pagac wants to borrow 5676.0€ for a period of 15.0 years and pay 36.18676997588918€ each month
****************************************************************************************************

****************************************************************************************************

Prospect 60: Lawrence Lehner wants to borrow 8361.0€ for a period of 21.0 years and pay 41.70295117119799€ each month
****************************************************************************************************

****************************************************************************************************

Prospect 61: Dana Mueller wants to borrow 7625.0€ for a period of 22.0 years and pay 40.939115292236316€ each month
****************************************************************************************************

****************************************************************************************************

Prospect 62: Lavern Koepp wants to borrow 3099.0€ for a period of 18.0 years and pay 17.31471828984113€ each month
****************************************************************************************************

****************************************************************************************************

Prospect 63: Theresia Wiegand wants to borrow 4866.0€ for a period of 8.0 years and pay 68.24622042989255€ each month
****************************************************************************************************

****************************************************************************************************

Prospect 64: Jenni Sipes wants to borrow 1131.0€ for a period of 23.0 years and pay 9.469953466831942€ each month
****************************************************************************************************

****************************************************************************************************

Prospect 65: Beata Towne wants to borrow 7973.0€ for a period of 23.0 years and pay 72.8832076638704€ each month
****************************************************************************************************

****************************************************************************************************

Prospect 66: Marhta Heaney wants to borrow 9445.0€ for a period of 3.0 years and pay 272.3885985529663€ each month
****************************************************************************************************

****************************************************************************************************

Prospect 67: Cherri Mante wants to borrow 5847.0€ for a period of 11.0 years and pay 49.567739546878585€ each month
****************************************************************************************************

****************************************************************************************************

Prospect 68: Janelle Gislason wants to borrow 1706.0€ for a period of 13.0 years and pay 13.825700403342937€ each month
****************************************************************************************************

****************************************************************************************************

Prospect 69: Lucien Kilback wants to borrow 7234.0€ for a period of 9.0 years and pay 70.25684792967687€ each month
****************************************************************************************************

****************************************************************************************************

Prospect 70: Sherry Wehner wants to borrow 4596.0€ for a period of 28.0 years and pay 35.810277924761856€ each month
****************************************************************************************************

****************************************************************************************************

Prospect 71: Weldon Mueller wants to borrow 7966.0€ for a period of 4.0 years and pay 174.39231526630408€ each month
****************************************************************************************************

****************************************************************************************************

Prospect 72: Gussie Prosacco wants to borrow 2892.0€ for a period of 6.0 years and pay 52.08680416243125€ each month
****************************************************************************************************

****************************************************************************************************

Prospect 73: Paulene Hettinger wants to borrow 2144.0€ for a period of 5.0 years and pay 42.84937928864356€ each month
****************************************************************************************************

****************************************************************************************************

Prospect 74: Roderick Kiehn wants to borrow 2232.0€ for a period of 5.0 years and pay 39.44502701850312€ each month
****************************************************************************************************

****************************************************************************************************

Prospect 75: Glennis Homenick wants to borrow 4412.0€ for a period of 19.0 years and pay 24.328962390781694€ each month
****************************************************************************************************

****************************************************************************************************

Prospect 76: Haywood Emard wants to borrow 5477.0€ for a period of 27.0 years and pay 37.27975363831115€ each month
****************************************************************************************************

****************************************************************************************************

Prospect 77: Delmer Cremin wants to borrow 5334.0€ for a period of 1.0 years and pay 458.0003037730727€ each month
****************************************************************************************************

****************************************************************************************************

Prospect 78: Roderick Schoen wants to borrow 1824.0€ for a period of 20.0 years and pay 9.585655193713151€ each month
****************************************************************************************************

****************************************************************************************************

Prospect 79: Ashli OHara wants to borrow 6956.0€ for a period of 22.0 years and pay 41.746076003938285€ each month
****************************************************************************************************

****************************************************************************************************

Prospect 80: Jackeline Green wants to borrow 2048.0€ for a period of 25.0 years and pay 9.405765282763827€ each month
****************************************************************************************************

****************************************************************************************************

Prospect 81: Katheryn Kutch wants to borrow 1188.0€ for a period of 18.0 years and pay 9.960724102020196€ each month
****************************************************************************************************

****************************************************************************************************

Prospect 82: Cyrus Wiza wants to borrow 7002.0€ for a period of 18.0 years and pay 52.10675151231249€ each month
****************************************************************************************************

****************************************************************************************************

Prospect 83: Efren Feeney wants to borrow 7811.0€ for a period of 11.0 years and pay 69.6564078924139€ each month
****************************************************************************************************

****************************************************************************************************

Prospect 84: Dawna Thompson wants to borrow 9500.0€ for a period of 27.0 years and pay 77.0040496238993€ each month
****************************************************************************************************

****************************************************************************************************

Prospect 85: Tami Kuhic wants to borrow 9690.0€ for a period of 11.0 years and pay 116.81185723344409€ each month
****************************************************************************************************

****************************************************************************************************

Prospect 86: Elayne Cassin wants to borrow 8339.0€ for a period of 19.0 years and pay 59.63729794462697€ each month
****************************************************************************************************

****************************************************************************************************

Prospect 87: Mitzi Klein wants to borrow 1011.0€ for a period of 16.0 years and pay 7.92931247149534€ each month
****************************************************************************************************

****************************************************************************************************

Prospect 88: Karma Littel wants to borrow 1146.0€ for a period of 21.0 years and pay 9.481774232414264€ each month
****************************************************************************************************

****************************************************************************************************

Prospect 89: Huey Konopelski wants to borrow 6288.0€ for a period of 17.0 years and pay 40.97265584994803€ each month
****************************************************************************************************

****************************************************************************************************

Prospect 90: Frederick Ferry wants to borrow 2523.0€ for a period of 9.0 years and pay 27.372600231087848€ each month
****************************************************************************************************

****************************************************************************************************

Prospect 91: Ha Hamill wants to borrow 8174.0€ for a period of 15.0 years and pay 57.75449405250486€ each month
****************************************************************************************************

****************************************************************************************************

Prospect 92: Randell King wants to borrow 1376.0€ for a period of 24.0 years and pay 9.911113362041291€ each month
****************************************************************************************************

****************************************************************************************************

Prospect 93: Maryam Wiza wants to borrow 4254.0€ for a period of 20.0 years and pay 37.51166239543724€ each month
****************************************************************************************************

****************************************************************************************************

Prospect 94: Cythia Osinski wants to borrow 7547.0€ for a period of 15.0 years and pay 62.428837682870885€ each month
****************************************************************************************************

****************************************************************************************************

Prospect 95: Darwin Tremblay wants to borrow 4196.0€ for a period of 23.0 years and pay 28.014680147867455€ each month
****************************************************************************************************

****************************************************************************************************

Prospect 96: Theresia Parker wants to borrow 5478.0€ for a period of 9.0 years and pay 62.09224063330087€ each month
****************************************************************************************************

****************************************************************************************************

Prospect 97: Vena Schuster wants to borrow 6796.0€ for a period of 5.0 years and pay 130.69163099084287€ each month
****************************************************************************************************

****************************************************************************************************

Prospect 98: Rosario Wolf wants to borrow 8536.0€ for a period of 3.0 years and pay 258.9474347453414€ each month
****************************************************************************************************

****************************************************************************************************

Prospect 99: Yasmin Schiller wants to borrow 9563.0€ for a period of 11.0 years and pay 118.21754072381462€ each month
****************************************************************************************************

****************************************************************************************************

Prospect 100: Travis Mueller wants to borrow 3285.0€ for a period of 22.0 years and pay 20.466344257156358€ each month
****************************************************************************************************

****************************************************************************************************

Prospect 101: Brendon Wolff wants to borrow 8180.0€ for a period of 14.0 years and pay 62.29828070316649€ each month
****************************************************************************************************

****************************************************************************************************

Prospect 102: Odell Marquardt wants to borrow 4728.0€ for a period of 21.0 years and pay 27.963471710138506€ each month
****************************************************************************************************

****************************************************************************************************

Prospect 103: Holly Waters wants to borrow 4777.0€ for a period of 11.0 years and pay 40.97294629976523€ each month
****************************************************************************************************

****************************************************************************************************

Prospect 104: Alissa Koepp wants to borrow 8305.0€ for a period of 12.0 years and pay 84.78850983713825€ each month
****************************************************************************************************

****************************************************************************************************

Prospect 105: Amal Littel wants to borrow 5921.0€ for a period of 20.0 years and pay 39.86524321240213€ each month
****************************************************************************************************

****************************************************************************************************

Prospect 106: Jame Harvey wants to borrow 9109.0€ for a period of 20.0 years and pay 54.7199486720336€ each month
****************************************************************************************************

****************************************************************************************************

Prospect 107: Douglass Gleichner wants to borrow 1381.0€ for a period of 14.0 years and pay 13.231603570367174€ each month
****************************************************************************************************

****************************************************************************************************

Prospect 108: Cletus Lebsack wants to borrow 6492.0€ for a period of 18.0 years and pay 39.06211523908893€ each month
****************************************************************************************************

****************************************************************************************************

Prospect 109: Kristina Zulauf wants to borrow 9622.0€ for a period of 4.0 years and pay 218.63620428071889€ each month
****************************************************************************************************

****************************************************************************************************

Prospect 110: Jay Wilkinson wants to borrow 8063.0€ for a period of 16.0 years and pay 57.251612488050576€ each month
****************************************************************************************************

****************************************************************************************************

Prospect 111: Loriann Luettgen wants to borrow 7490.0€ for a period of 8.0 years and pay 94.85846419028658€ each month
****************************************************************************************************

****************************************************************************************************

Prospect 112: Sammy Keeling wants to borrow 7269.0€ for a period of 25.0 years and pay 47.996309326372135€ each month
****************************************************************************************************

****************************************************************************************************

Prospect 113: Elba Fahey wants to borrow 8500.0€ for a period of 10.0 years and pay 102.05368120272186€ each month
****************************************************************************************************

****************************************************************************************************

Prospect 114: Shawana Bogan wants to borrow 7180.0€ for a period of 4.0 years and pay 173.7721024282474€ each month
****************************************************************************************************

****************************************************************************************************

Prospect 115: Hector Vandervort wants to borrow 3598.0€ for a period of 8.0 years and pay 41.4715992595469€ each month
****************************************************************************************************

****************************************************************************************************

Prospect 116: Tessa Collins wants to borrow 3936.0€ for a period of 2.0 years and pay 173.01290180835574€ each month
****************************************************************************************************

****************************************************************************************************

Prospect 117: Chauncey Macejkovic wants to borrow 6530.0€ for a period of 14.0 years and pay 42.24481031511214€ each month
****************************************************************************************************

****************************************************************************************************

Prospect 118: Yoko Kohler wants to borrow 3059.0€ for a period of 18.0 years and pay 29.861027919396378€ each month
****************************************************************************************************

****************************************************************************************************

Prospect 119: Alice King wants to borrow 4049.0€ for a period of 11.0 years and pay 40.50508214755215€ each month
****************************************************************************************************

****************************************************************************************************

Prospect 120: Andrew Torp wants to borrow 2929.0€ for a period of 11.0 years and pay 33.641196461700076€ each month
****************************************************************************************************

****************************************************************************************************

Prospect 121: Jeffry Heller wants to borrow 3681.0€ for a period of 9.0 years and pay 40.6591161952168€ each month
****************************************************************************************************

****************************************************************************************************

Prospect 122: Del Hessel wants to borrow 4037.0€ for a period of 14.0 years and pay 28.807489210005727€ each month
****************************************************************************************************

****************************************************************************************************

Prospect 123: Refugio Hermann wants to borrow 1185.0€ for a period of 21.0 years and pay 8.274535787731894€ each month
****************************************************************************************************

****************************************************************************************************

Prospect 124: Halina Hettinger wants to borrow 7479.0€ for a period of 26.0 years and pay 66.95827987789504€ each month
****************************************************************************************************

****************************************************************************************************

Prospect 125: Isreal Nolan wants to borrow 5863.0€ for a period of 27.0 years and pay 31.05511707075536€ each month
****************************************************************************************************

****************************************************************************************************

Prospect 126: Doria Dickens wants to borrow 4643.0€ for a period of 21.0 years and pay 28.41225092806203€ each month
****************************************************************************************************

****************************************************************************************************

Prospect 127: Mindy Hansen wants to borrow 8215.0€ for a period of 4.0 years and pay 205.95530582708392€ each month
****************************************************************************************************

****************************************************************************************************

Prospect 128: Thanh Boyer wants to borrow 9670.0€ for a period of 27.0 years and pay 40.19083670068094€ each month
****************************************************************************************************

****************************************************************************************************

Prospect 129: Norberto Kilback wants to borrow 3149.0€ for a period of 6.0 years and pay 56.3257999798811€ each month
****************************************************************************************************

****************************************************************************************************

Prospect 130: Matilda Harvey wants to borrow 5940.0€ for a period of 11.0 years and pay 49.60898822714115€ each month
****************************************************************************************************

****************************************************************************************************

Prospect 131: Dudley Grimes wants to borrow 3502.0€ for a period of 24.0 years and pay 25.93673215216262€ each month
****************************************************************************************************

****************************************************************************************************

Prospect 132: Carlo Moore wants to borrow 1267.0€ for a period of 5.0 years and pay 22.749443964468096€ each month
****************************************************************************************************

****************************************************************************************************

Prospect 133: Francisco Corwin wants to borrow 7119.0€ for a period of 6.0 years and pay 123.46785842605779€ each month
****************************************************************************************************

****************************************************************************************************

Prospect 134: Kraig Kemmer wants to borrow 5847.0€ for a period of 6.0 years and pay 98.92920861077164€ each month
****************************************************************************************************

****************************************************************************************************

Prospect 135: Norman Roberts wants to borrow 7743.0€ for a period of 8.0 years and pay 100.17798871294823€ each month
****************************************************************************************************

****************************************************************************************************

Prospect 136: Chadwick Rath wants to borrow 6169.0€ for a period of 7.0 years and pay 83.33261053153193€ each month
****************************************************************************************************

****************************************************************************************************

Prospect 137: Hong Bednar wants to borrow 7611.0€ for a period of 25.0 years and pay 30.367685678333114€ each month
****************************************************************************************************

****************************************************************************************************

Prospect 138: Cliff Bradtke wants to borrow 9042.0€ for a period of 17.0 years and pay 78.44276765078982€ each month
****************************************************************************************************

****************************************************************************************************

Prospect 139: Lyndon Bayer wants to borrow 5561.0€ for a period of 17.0 years and pay 42.04971079496192€ each month
****************************************************************************************************

****************************************************************************************************

Prospect 140: Chance Nienow wants to borrow 4356.0€ for a period of 18.0 years and pay 22.964518408811845€ each month
****************************************************************************************************

****************************************************************************************************

Prospect 141: Trey Toy wants to borrow 1416.0€ for a period of 27.0 years and pay 10.40404054523944€ each month
****************************************************************************************************

****************************************************************************************************

Prospect 142: Sherice Boehm wants to borrow 1673.0€ for a period of 23.0 years and pay 7.87712480639316€ each month
****************************************************************************************************

****************************************************************************************************

Prospect 143: Kraig Robel wants to borrow 1059.0€ for a period of 4.0 years and pay 22.78613208522803€ each month
****************************************************************************************************

****************************************************************************************************

Prospect 144: Sherman Rippin wants to borrow 4408.0€ for a period of 17.0 years and pay 31.69727276221572€ each month
****************************************************************************************************

****************************************************************************************************

Prospect 145: Shad Reynolds wants to borrow 6038.0€ for a period of 27.0 years and pay 22.6750741139018€ each month
****************************************************************************************************

****************************************************************************************************

Prospect 146: Donnell Senger wants to borrow 2884.0€ for a period of 8.0 years and pay 43.47288130212721€ each month
****************************************************************************************************

****************************************************************************************************

Prospect 147: Augusta Deckow wants to borrow 1997.0€ for a period of 12.0 years and pay 18.751813583953414€ each month
****************************************************************************************************

****************************************************************************************************

Prospect 148: Winston Bogisich wants to borrow 2050.0€ for a period of 23.0 years and pay 13.982292432585048€ each month
****************************************************************************************************

****************************************************************************************************

Prospect 149: Ralph Bahringer wants to borrow 8147.0€ for a period of 23.0 years and pay 63.43508437000597€ each month
****************************************************************************************************

****************************************************************************************************

Prospect 150: Davis Kautzer wants to borrow 2247.0€ for a period of 20.0 years and pay 14.85404250865535€ each month
****************************************************************************************************

****************************************************************************************************

Prospect 151: Cletus Altenwerth wants to borrow 1861.0€ for a period of 25.0 years and pay 16.014383867323495€ each month
****************************************************************************************************

****************************************************************************************************

Prospect 152: Nicolas Wolf wants to borrow 9045.0€ for a period of 10.0 years and pay 87.00557628447044€ each month
****************************************************************************************************

****************************************************************************************************

Prospect 153: Malvina McLaughlin wants to borrow 6601.0€ for a period of 2.0 years and pay 291.96583501441404€ each month
****************************************************************************************************

****************************************************************************************************

Prospect 154: Arletha Ritchie wants to borrow 6537.0€ for a period of 12.0 years and pay 55.972155763721304€ each month
****************************************************************************************************

****************************************************************************************************

Prospect 155: Jared Wisozk wants to borrow 6620.0€ for a period of 10.0 years and pay 59.705053119541475€ each month
****************************************************************************************************

****************************************************************************************************

Prospect 156: Annalee Bergstrom wants to borrow 8066.0€ for a period of 8.0 years and pay 109.68879412803082€ each month
****************************************************************************************************

****************************************************************************************************

Prospect 157: Hassan Schulist wants to borrow 6097.0€ for a period of 7.0 years and pay 85.31759914896115€ each month
****************************************************************************************************

****************************************************************************************************

Prospect 158: Amberly Waelchi wants to borrow 2076.0€ for a period of 2.0 years and pay 91.05841171510727€ each month
****************************************************************************************************

****************************************************************************************************

Prospect 159: Evangeline Roberts wants to borrow 3681.0€ for a period of 11.0 years and pay 42.557234891352806€ each month
****************************************************************************************************

****************************************************************************************************

Prospect 160: Carmelo Zulauf wants to borrow 5908.0€ for a period of 18.0 years and pay 36.99452565899657€ each month
****************************************************************************************************

****************************************************************************************************

Prospect 161: Odette Kshlerin wants to borrow 1645.0€ for a period of 20.0 years and pay 15.646412050512737€ each month
****************************************************************************************************

****************************************************************************************************

Prospect 162: Nidia Denesik wants to borrow 9472.0€ for a period of 16.0 years and pay 66.10720864481218€ each month
****************************************************************************************************

****************************************************************************************************

Prospect 163: Alejandrina Frami wants to borrow 6286.0€ for a period of 7.0 years and pay 90.3599274711763€ each month
****************************************************************************************************

****************************************************************************************************

Prospect 164: Kimbery Heathcote wants to borrow 4143.0€ for a period of 8.0 years and pay 62.254419541471876€ each month
****************************************************************************************************

****************************************************************************************************

Prospect 165: Darrel Cassin wants to borrow 8966.0€ for a period of 23.0 years and pay 38.51452893436801€ each month
****************************************************************************************************

****************************************************************************************************

Prospect 166: Palma Wisoky wants to borrow 9881.0€ for a period of 22.0 years and pay 92.10366469526522€ each month
****************************************************************************************************

****************************************************************************************************

Prospect 167: Wilson White wants to borrow 4264.0€ for a period of 26.0 years and pay 34.98028513067031€ each month
****************************************************************************************************

****************************************************************************************************

Prospect 168: Alec Collins wants to borrow 7581.0€ for a period of 19.0 years and pay 51.86215867108452€ each month
****************************************************************************************************

****************************************************************************************************

Prospect 169: Beatriz Murphy wants to borrow 2968.0€ for a period of 7.0 years and pay 41.907616420699746€ each month
****************************************************************************************************

****************************************************************************************************

Prospect 170: Alec Hyatt wants to borrow 2743.0€ for a period of 11.0 years and pay 23.056130686215916€ each month
****************************************************************************************************

****************************************************************************************************

Prospect 171: Laverne Schmitt wants to borrow 6259.0€ for a period of 19.0 years and pay 44.34153707510219€ each month
****************************************************************************************************

****************************************************************************************************

Prospect 172: Zelma Hyatt wants to borrow 6947.0€ for a period of 27.0 years and pay 40.027757557196495€ each month
****************************************************************************************************

****************************************************************************************************

Prospect 173: Margarito Kling wants to borrow 6085.0€ for a period of 24.0 years and pay 48.06718168040693€ each month
****************************************************************************************************

****************************************************************************************************

Prospect 174: Verline Nicolas wants to borrow 3800.0€ for a period of 3.0 years and pay 110.7264376260172€ each month
****************************************************************************************************

****************************************************************************************************

Prospect 175: Angelica VonRueden wants to borrow 7057.0€ for a period of 23.0 years and pay 61.34833331545056€ each month
****************************************************************************************************

****************************************************************************************************

Prospect 176: Nicolas Hermiston wants to borrow 5098.0€ for a period of 12.0 years and pay 58.41950027659313€ each month
****************************************************************************************************

****************************************************************************************************

Prospect 177: Marya Gottlieb wants to borrow 3322.0€ for a period of 15.0 years and pay 30.682193304629653€ each month
****************************************************************************************************

****************************************************************************************************

Prospect 178: Modesta Jones wants to borrow 3053.0€ for a period of 28.0 years and pay 10.787906040822032€ each month
****************************************************************************************************

****************************************************************************************************

Prospect 179: Jenise Labadie wants to borrow 2097.0€ for a period of 20.0 years and pay 16.346246423395204€ each month
****************************************************************************************************

****************************************************************************************************

Prospect 180: Fleta Jast wants to borrow 8473.0€ for a period of 18.0 years and pay 67.76768764670163€ each month
****************************************************************************************************

****************************************************************************************************

Prospect 181: Katharina Blick wants to borrow 8025.0€ for a period of 14.0 years and pay 87.87584522986218€ each month
****************************************************************************************************

****************************************************************************************************

Prospect 182: Maryln Legros wants to borrow 7321.0€ for a period of 1.0 years and pay 632.4839844471408€ each month
****************************************************************************************************

****************************************************************************************************

Prospect 183: Cleo Gleason wants to borrow 3866.0€ for a period of 8.0 years and pay 43.680420331726864€ each month
****************************************************************************************************

****************************************************************************************************

Prospect 184: Maragret Reinger wants to borrow 6052.0€ for a period of 16.0 years and pay 49.108219522328255€ each month
****************************************************************************************************

****************************************************************************************************

Prospect 185: Harry Mohr wants to borrow 2778.0€ for a period of 28.0 years and pay 9.985612808066488€ each month
****************************************************************************************************

****************************************************************************************************

Prospect 186: Ching Strosin wants to borrow 2591.0€ for a period of 23.0 years and pay 20.49134373500797€ each month
****************************************************************************************************

****************************************************************************************************

Prospect 187: Reynaldo Mayert wants to borrow 6065.0€ for a period of 23.0 years and pay 25.57472516523159€ each month
****************************************************************************************************

****************************************************************************************************

Prospect 188: Mendy Kozey wants to borrow 7222.0€ for a period of 11.0 years and pay 64.20219497840492€ each month
****************************************************************************************************

****************************************************************************************************

Prospect 189: Quentin Donnelly wants to borrow 2760.0€ for a period of 25.0 years and pay 10.628112548505383€ each month
****************************************************************************************************

****************************************************************************************************

Prospect 190: Kym Leffler wants to borrow 2078.0€ for a period of 26.0 years and pay 13.93536067458464€ each month
****************************************************************************************************

****************************************************************************************************

Prospect 191: Tatyana Klein wants to borrow 4310.0€ for a period of 23.0 years and pay 39.724224550164614€ each month
****************************************************************************************************

****************************************************************************************************

Prospect 192: Meridith Reilly wants to borrow 5960.0€ for a period of 25.0 years and pay 45.6061268151642€ each month
****************************************************************************************************

****************************************************************************************************

Prospect 193: Heriberto Harber wants to borrow 4132.0€ for a period of 13.0 years and pay 42.410360458757914€ each month
****************************************************************************************************

****************************************************************************************************

Prospect 194: Bethel Veum wants to borrow 7368.0€ for a period of 14.0 years and pay 69.57092835309392€ each month
****************************************************************************************************

****************************************************************************************************

Prospect 195: Odell Kling wants to borrow 1528.0€ for a period of 3.0 years and pay 44.274655621193205€ each month
****************************************************************************************************

****************************************************************************************************

Prospect 196: Lenard Wiegand wants to borrow 4554.0€ for a period of 11.0 years and pay 56.347626628736165€ each month
****************************************************************************************************

****************************************************************************************************

Prospect 197: Weldon Hodkiewicz wants to borrow 6452.0€ for a period of 22.0 years and pay 44.914771010366515€ each month
****************************************************************************************************

****************************************************************************************************

Prospect 198: Clarissa Pfeffer wants to borrow 2912.0€ for a period of 4.0 years and pay 73.31163553883484€ each month
****************************************************************************************************

****************************************************************************************************

Prospect 199: Kelly Rogahn wants to borrow 5450.0€ for a period of 20.0 years and pay 34.068893091576186€ each month
****************************************************************************************************

****************************************************************************************************

Prospect 200: Avery Marquardt wants to borrow 1328.0€ for a period of 6.0 years and pay 19.472185413054714€ each month
****************************************************************************************************

****************************************************************************************************

Prospect 201: Leilani Runte wants to borrow 9809.0€ for a period of 19.0 years and pay 77.26458046047972€ each month
****************************************************************************************************

****************************************************************************************************

Prospect 202: Stepanie Kohler wants to borrow 8102.0€ for a period of 17.0 years and pay 54.14067225181053€ each month
****************************************************************************************************

****************************************************************************************************

Prospect 203: Shantelle Pouros wants to borrow 6061.0€ for a period of 5.0 years and pay 127.73703229521153€ each month
****************************************************************************************************

****************************************************************************************************

Prospect 204: Toshiko Bernhard wants to borrow 2178.0€ for a period of 22.0 years and pay 10.906941852342358€ each month
****************************************************************************************************

****************************************************************************************************

Prospect 205: Tory Ullrich wants to borrow 2178.0€ for a period of 11.0 years and pay 20.66389578379055€ each month
****************************************************************************************************

****************************************************************************************************

Prospect 206: Lisandra Gaylord wants to borrow 1801.0€ for a period of 7.0 years and pay 28.088721134360313€ each month
****************************************************************************************************

****************************************************************************************************

Prospect 207: Amber Nitzsche wants to borrow 6987.0€ for a period of 18.0 years and pay 36.99421051943073€ each month
****************************************************************************************************

****************************************************************************************************

Prospect 208: Nathanial Legros wants to borrow 6495.0€ for a period of 6.0 years and pay 104.2704560898126€ each month
****************************************************************************************************

****************************************************************************************************

Prospect 209: Pete Ward wants to borrow 2806.0€ for a period of 17.0 years and pay 26.218049182686624€ each month
****************************************************************************************************

****************************************************************************************************

Prospect 210: Adrian Maggio wants to borrow 4520.0€ for a period of 25.0 years and pay 36.30492977289367€ each month
****************************************************************************************************

****************************************************************************************************

Prospect 211: Vida Jacobi wants to borrow 6403.0€ for a period of 20.0 years and pay 53.358182367166286€ each month
****************************************************************************************************

****************************************************************************************************

Prospect 212: Cesar Prosacco wants to borrow 4875.0€ for a period of 7.0 years and pay 78.28589387090882€ each month
****************************************************************************************************

****************************************************************************************************

Prospect 213: Dagny Mitchell wants to borrow 7946.0€ for a period of 8.0 years and pay 93.78176291770275€ each month
****************************************************************************************************

****************************************************************************************************

Prospect 214: Johana Stracke wants to borrow 9400.0€ for a period of 21.0 years and pay 62.86982098590544€ each month
****************************************************************************************************

****************************************************************************************************

Prospect 215: Selena Yost wants to borrow 8654.0€ for a period of 24.0 years and pay 45.709230793681684€ each month
****************************************************************************************************

****************************************************************************************************

Prospect 216: Omega Bogan wants to borrow 7267.0€ for a period of 12.0 years and pay 53.79692769692123€ each month
****************************************************************************************************

****************************************************************************************************

Prospect 217: Orval Harber wants to borrow 1510.0€ for a period of 11.0 years and pay 17.919346869092063€ each month
****************************************************************************************************

****************************************************************************************************

Prospect 218: Hyon Beatty wants to borrow 6119.0€ for a period of 9.0 years and pay 72.43861336958268€ each month
****************************************************************************************************

****************************************************************************************************

Prospect 219: Lavette OConner wants to borrow 6955.0€ for a period of 25.0 years and pay 30.574577557579566€ each month
****************************************************************************************************

****************************************************************************************************

Prospect 220: Leona Pagac wants to borrow 4120.0€ for a period of 4.0 years and pay 90.57563497475229€ each month
****************************************************************************************************

****************************************************************************************************

Prospect 221: Carmelo Hamill wants to borrow 5520.0€ for a period of 19.0 years and pay 35.094875547246744€ each month
****************************************************************************************************

****************************************************************************************************

Prospect 222: Enoch Beatty wants to borrow 6028.0€ for a period of 9.0 years and pay 81.8604697555249€ each month
****************************************************************************************************

****************************************************************************************************

Prospect 223: Emmaline Abernathy wants to borrow 8590.0€ for a period of 12.0 years and pay 83.02756221224726€ each month
****************************************************************************************************

****************************************************************************************************

Prospect 224: Hoyt Luettgen wants to borrow 6599.0€ for a period of 22.0 years and pay 38.95032724877389€ each month
****************************************************************************************************

****************************************************************************************************

Prospect 225: Claude Hansen wants to borrow 6880.0€ for a period of 12.0 years and pay 72.07976862494768€ each month
****************************************************************************************************

****************************************************************************************************

Prospect 226: Alonzo Lowe wants to borrow 3866.0€ for a period of 18.0 years and pay 21.092887158045887€ each month
****************************************************************************************************

****************************************************************************************************

Prospect 227: Earle Trantow wants to borrow 3176.0€ for a period of 28.0 years and pay 17.44837344701988€ each month
****************************************************************************************************

****************************************************************************************************

Prospect 228: Isidra Schinner wants to borrow 8305.0€ for a period of 28.0 years and pay 59.6505440101276€ each month
****************************************************************************************************

****************************************************************************************************

Prospect 229: Billi Walker wants to borrow 9456.0€ for a period of 19.0 years and pay 52.05148266516961€ each month
****************************************************************************************************

****************************************************************************************************

Prospect 230: Benjamin Wintheiser wants to borrow 1503.0€ for a period of 7.0 years and pay 18.70943774692509€ each month
****************************************************************************************************

****************************************************************************************************

Prospect 231: Janis Sporer wants to borrow 7871.0€ for a period of 24.0 years and pay 50.77888963327353€ each month
****************************************************************************************************

****************************************************************************************************

Prospect 232: Jamel Bernhard wants to borrow 3475.0€ for a period of 21.0 years and pay 18.271855816994883€ each month
****************************************************************************************************

****************************************************************************************************

Prospect 233: Lyman Crona wants to borrow 6878.0€ for a period of 10.0 years and pay 66.63695350613831€ each month
****************************************************************************************************

****************************************************************************************************

Prospect 234: Viola Kuphal wants to borrow 5899.0€ for a period of 21.0 years and pay 38.21836680875782€ each month
****************************************************************************************************

****************************************************************************************************

Prospect 235: Moshe Farrell wants to borrow 6479.0€ for a period of 28.0 years and pay 48.781913844287715€ each month
****************************************************************************************************

****************************************************************************************************

Prospect 236: Ezekiel Moen wants to borrow 9468.0€ for a period of 13.0 years and pay 108.51093176975016€ each month
****************************************************************************************************

****************************************************************************************************

Prospect 237: Kimberley Hane wants to borrow 8883.0€ for a period of 7.0 years and pay 139.96184112899823€ each month
****************************************************************************************************

****************************************************************************************************

Prospect 238: Brittany Wiegand wants to borrow 3460.0€ for a period of 14.0 years and pay 35.76933561708505€ each month
****************************************************************************************************

****************************************************************************************************

Prospect 239: Rafael Thiel wants to borrow 9577.0€ for a period of 8.0 years and pay 143.5553887542602€ each month
****************************************************************************************************

****************************************************************************************************

Prospect 240: Rex Heidenreich wants to borrow 5442.0€ for a period of 6.0 years and pay 91.97273549491378€ each month
****************************************************************************************************

****************************************************************************************************

Prospect 241: Carmelia Tremblay wants to borrow 8332.0€ for a period of 21.0 years and pay 51.943999767553315€ each month
****************************************************************************************************

****************************************************************************************************

Prospect 242: Bo Ward wants to borrow 4762.0€ for a period of 16.0 years and pay 36.71159673593988€ each month
****************************************************************************************************

****************************************************************************************************

Prospect 243: Lindsay OHara wants to borrow 4074.0€ for a period of 18.0 years and pay 30.567598721429363€ each month
****************************************************************************************************

****************************************************************************************************

Prospect 244: Rae Ledner wants to borrow 3958.0€ for a period of 9.0 years and pay 38.94018155157164€ each month
****************************************************************************************************

****************************************************************************************************

Prospect 245: Shavon Effertz wants to borrow 7330.0€ for a period of 3.0 years and pay 222.3954686384293€ each month
****************************************************************************************************

****************************************************************************************************

Prospect 246: Jody Kiehn wants to borrow 4547.0€ for a period of 28.0 years and pay 21.49879298268826€ each month
****************************************************************************************************

****************************************************************************************************

Prospect 247: Wilhemina Wehner wants to borrow 7108.0€ for a period of 19.0 years and pay 51.99732772812504€ each month
****************************************************************************************************

****************************************************************************************************

Prospect 248: Young Wisoky wants to borrow 6867.0€ for a period of 2.0 years and pay 300.89592740196457€ each month
[...]

****************************************************************************************************

Prospect 443: Drusilla Schumm wants to borrow 7803.0€ for a period of 23.0 years and pay 50.75394966566032€ each month
****************************************************************************************************

****************************************************************************************************

Prospect 444: Wally McGlynn wants to borrow 6678.0€ for a period of 24.0 years and pay 28.223042965764744€ each month
****************************************************************************************************

****************************************************************************************************

Prospect 445: Carol Gerhold wants to borrow 9651.0€ for a period of 17.0 years and pay 57.11244907204053€ each month
****************************************************************************************************

****************************************************************************************************

Prospect 446: Jerold Blick wants to borrow 7079.0€ for a period of 10.0 years and pay 72.00835062937573€ each month
****************************************************************************************************

****************************************************************************************************

Prospect 447: Walker Franecki wants to borrow 8627.0€ for a period of 8.0 years and pay 121.60664083325972€ each month
****************************************************************************************************

****************************************************************************************************

Prospect 448: Ellsworth Lehner wants to borrow 3839.0€ for a period of 6.0 years and pay 70.31028909723736€ each month
****************************************************************************************************

****************************************************************************************************

Prospect 449: Alane Luettgen wants to borrow 4186.0€ for a period of 18.0 years and pay 38.23774214205178€ each month
****************************************************************************************************

****************************************************************************************************

Prospect 450: Maureen Christiansen wants to borrow 3927.0€ for a period of 24.0 years and pay 26.26119356837461€ each month
****************************************************************************************************

****************************************************************************************************

Prospect 451: Otis Rath wants to borrow 8429.0€ for a period of 15.0 years and pay 76.47085500550958€ each month
****************************************************************************************************

****************************************************************************************************

Prospect 452: Samual Yost wants to borrow 9638.0€ for a period of 24.0 years and pay 53.76055796329862€ each month
****************************************************************************************************

****************************************************************************************************

Prospect 453: Ahmad Yost wants to borrow 4681.0€ for a period of 15.0 years and pay 28.533222561471725€ each month
****************************************************************************************************

****************************************************************************************************

Prospect 454: Luetta Jacobs wants to borrow 8969.0€ for a period of 15.0 years and pay 79.9155311023131€ each month
****************************************************************************************************

****************************************************************************************************

Prospect 455: Ladawn Stoltenberg wants to borrow 7183.0€ for a period of 11.0 years and pay 84.33558927604325€ each month
****************************************************************************************************

****************************************************************************************************

Prospect 456: Timmy Bernier wants to borrow 7218.0€ for a period of 6.0 years and pay 118.40032776925294€ each month
****************************************************************************************************

****************************************************************************************************

Prospect 457: Garth Pfeffer wants to borrow 2833.0€ for a period of 27.0 years and pay 14.106362190110206€ each month
****************************************************************************************************

****************************************************************************************************

Prospect 458: Ramiro Johns wants to borrow 2968.0€ for a period of 4.0 years and pay 65.06692742085681€ each month
****************************************************************************************************

****************************************************************************************************

Prospect 459: Leon Kuhn wants to borrow 2621.0€ for a period of 23.0 years and pay 18.838163252788625€ each month
****************************************************************************************************

****************************************************************************************************

Prospect 460: Leland Erdman wants to borrow 3278.0€ for a period of 8.0 years and pay 36.40050219190836€ each month
****************************************************************************************************

****************************************************************************************************

Prospect 461: Ollie Barrows wants to borrow 5682.0€ for a period of 18.0 years and pay 46.6693548816426€ each month
****************************************************************************************************

****************************************************************************************************

Prospect 462: Erwin Jacobi wants to borrow 6828.0€ for a period of 10.0 years and pay 76.6648501405767€ each month
****************************************************************************************************

****************************************************************************************************

Prospect 463: Maranda Pfannerstill wants to borrow 5178.0€ for a period of 1.0 years and pay 434.5914434327071€ each month
****************************************************************************************************

****************************************************************************************************

Prospect 464: Ethelene Walter wants to borrow 5662.0€ for a period of 1.0 years and pay 494.8352407302119€ each month
****************************************************************************************************

****************************************************************************************************

Prospect 465: Yung Huel wants to borrow 8452.0€ for a period of 8.0 years and pay 110.41407059842143€ each month
****************************************************************************************************

****************************************************************************************************

Prospect 466: Genaro Krajcik wants to borrow 2368.0€ for a period of 1.0 years and pay 200.55467866010414€ each month
****************************************************************************************************

****************************************************************************************************

Prospect 467: Ivory Nikolaus wants to borrow 5872.0€ for a period of 6.0 years and pay 107.63242350777007€ each month
****************************************************************************************************

****************************************************************************************************

Prospect 468: Claudette Marks wants to borrow 2077.0€ for a period of 19.0 years and pay 19.560580011574732€ each month
****************************************************************************************************

****************************************************************************************************

Prospect 469: Muoi Reinger wants to borrow 2108.0€ for a period of 9.0 years and pay 29.223197156494184€ each month
****************************************************************************************************

****************************************************************************************************

Prospect 470: Connie Hodkiewicz wants to borrow 4018.0€ for a period of 8.0 years and pay 53.944262576771926€ each month
****************************************************************************************************

****************************************************************************************************

Prospect 471: Diana Klocko wants to borrow 5683.0€ for a period of 27.0 years and pay 24.810655850250846€ each month
****************************************************************************************************

****************************************************************************************************

Prospect 472: Lakeshia Hackett wants to borrow 4167.0€ for a period of 22.0 years and pay 21.89986994069071€ each month
****************************************************************************************************

****************************************************************************************************

Prospect 473: Una OKeefe wants to borrow 1401.0€ for a period of 18.0 years and pay 13.854984160783056€ each month
****************************************************************************************************

****************************************************************************************************

Prospect 474: Rochelle Buckridge wants to borrow 7646.0€ for a period of 27.0 years and pay 59.4425311395734€ each month
****************************************************************************************************

****************************************************************************************************

Prospect 475: Trevor Konopelski wants to borrow 7347.0€ for a period of 6.0 years and pay 111.79235553338223€ each month
****************************************************************************************************

****************************************************************************************************

Prospect 476: Carl Abbott wants to borrow 4157.0€ for a period of 3.0 years and pay 129.78637726543366€ each month
****************************************************************************************************

****************************************************************************************************

Prospect 477: Latosha Flatley wants to borrow 7019.0€ for a period of 9.0 years and pay 91.34198139975062€ each month
****************************************************************************************************

****************************************************************************************************

Prospect 478: Ardith Champlin wants to borrow 6876.0€ for a period of 25.0 years and pay 34.275545213030654€ each month
****************************************************************************************************

****************************************************************************************************

Prospect 479: Bradly Lubowitz wants to borrow 8684.0€ for a period of 10.0 years and pay 108.13417167059076€ each month
****************************************************************************************************

****************************************************************************************************

Prospect 480: Kenton Gaylord wants to borrow 8208.0€ for a period of 17.0 years and pay 70.20174267650576€ each month
****************************************************************************************************

****************************************************************************************************

Prospect 481: Archie Maggio wants to borrow 2401.0€ for a period of 12.0 years and pay 25.50507039053833€ each month
****************************************************************************************************

****************************************************************************************************

Prospect 482: Seth Windler wants to borrow 9186.0€ for a period of 6.0 years and pay 131.93798988126457€ each month
****************************************************************************************************

****************************************************************************************************

Prospect 483: Fredia Bosco wants to borrow 5988.0€ for a period of 15.0 years and pay 50.49780174523059€ each month
****************************************************************************************************

****************************************************************************************************

Prospect 484: Tod DuBuque wants to borrow 2027.0€ for a period of 9.0 years and pay 23.03386748826997€ each month
****************************************************************************************************

****************************************************************************************************

Prospect 485: Lura Bernhard wants to borrow 6962.0€ for a period of 17.0 years and pay 65.17683704571286€ each month
****************************************************************************************************

****************************************************************************************************

Prospect 486: Sanford Wolf wants to borrow 5535.0€ for a period of 27.0 years and pay 29.413515263820347€ each month
****************************************************************************************************

****************************************************************************************************

Prospect 487: Maddie Mueller wants to borrow 7853.0€ for a period of 10.0 years and pay 99.30856407226018€ each month
****************************************************************************************************

****************************************************************************************************

Prospect 488: Hollis Ebert wants to borrow 8442.0€ for a period of 22.0 years and pay 42.74006182883488€ each month
****************************************************************************************************

****************************************************************************************************

Prospect 489: Bert Lubowitz wants to borrow 9766.0€ for a period of 18.0 years and pay 83.74407922974905€ each month
****************************************************************************************************

****************************************************************************************************

Prospect 490: Peter Swift wants to borrow 9876.0€ for a period of 21.0 years and pay 67.9277355773902€ each month
****************************************************************************************************

****************************************************************************************************

Prospect 491: Lanelle Mueller wants to borrow 3707.0€ for a period of 8.0 years and pay 51.841194738560716€ each month
****************************************************************************************************

****************************************************************************************************

Prospect 492: Lupe Torp wants to borrow 5131.0€ for a period of 2.0 years and pay 223.20171838301647€ each month
****************************************************************************************************

****************************************************************************************************

Prospect 493: Kesha Jones wants to borrow 8525.0€ for a period of 27.0 years and pay 33.98973216260077€ each month
****************************************************************************************************

****************************************************************************************************

Prospect 494: Buster Windler wants to borrow 6752.0€ for a period of 4.0 years and pay 160.62209623148257€ each month
****************************************************************************************************

****************************************************************************************************

Prospect 495: Suzy Smith wants to borrow 5019.0€ for a period of 26.0 years and pay 35.33115886894371€ each month
****************************************************************************************************

****************************************************************************************************

Prospect 496: Erich Kunde wants to borrow 2944.0€ for a period of 3.0 years and pay 90.6332065533706€ each month
****************************************************************************************************

****************************************************************************************************

Prospect 497: Oliva Leuschke wants to borrow 8428.0€ for a period of 19.0 years and pay 57.24178047101114€ each month
****************************************************************************************************

****************************************************************************************************

Prospect 498: Suk Jones wants to borrow 7907.0€ for a period of 12.0 years and pay 60.174686550045735€ each month
****************************************************************************************************

****************************************************************************************************

Prospect 499: Lupe Rolfson wants to borrow 5392.0€ for a period of 27.0 years and pay 28.3432992990573€ each month
****************************************************************************************************

****************************************************************************************************

Prospect 500: Jade Lemke wants to borrow 9901.0€ for a period of 7.0 years and pay 145.59047560875976€ each month
****************************************************************************************************

****************************************************************************************************

Prospect 1: Juha wants to borrow 1000€ for a period of 2 years and pay 43.87138973406859€ each month
****************************************************************************************************

****************************************************************************************************

Prospect 2: Karvinen wants to borrow 4356€ for a period of 6 years and pay 62.86631476623255€ each month
****************************************************************************************************

****************************************************************************************************

Prospect 3: Claes Månsson wants to borrow 1300.55€ for a period of 2 years and pay 59.21856882868132€ each month
****************************************************************************************************

****************************************************************************************************

Prospect 4: ClarencéAndersson wants to borrow 2000€ for a period of 4 years and pay 46.970058095872126€ each month
****************************************************************************************************

]]></system-out>
  <system-err><![CDATA[]]></system-err>
</testsuite>
